<?xml version="1.0" encoding="UTF-8"?>
<!-- Generated by org.testng.reporters.JUnitReportReporter -->
<testsuite hostname="mechcl3pc029" failures="0" tests="12" name="com.cucumber.runner.RunnerTest" time="1.376" errors="0" timestamp="2022-06-27T13:02:48 IST" skipped="0">
  <testcase classname="com.cucumber.runner.RunnerTest" name="runScenario" time="0.062"/>
  <system-out/>
  <testcase classname="com.cucumber.runner.RunnerTest" name="runScenario" time="0.029"/>
  <system-out/>
  <testcase classname="com.cucumber.runner.RunnerTest" name="runScenario" time="0.751"/>
  <system-out/>
  <testcase classname="com.cucumber.runner.RunnerTest" name="runScenario" time="0.084"/>
  <system-out/>
  <testcase classname="com.cucumber.runner.RunnerTest" name="runScenario" time="0.019"/>
  <system-out/>
  <testcase classname="com.cucumber.runner.RunnerTest" name="runScenario" time="0.021"/>
  <system-out/>
  <testcase classname="com.cucumber.runner.RunnerTest" name="runScenario" time="0.081"/>
  <system-out/>
  <testcase classname="com.cucumber.runner.RunnerTest" name="runScenario" time="0.225"/>
  <system-out/>
  <testcase classname="com.cucumber.runner.RunnerTest" name="runScenario" time="0.019"/>
  <system-out/>
  <testcase classname="com.cucumber.runner.RunnerTest" name="runScenario" time="0.010"/>
  <system-out/>
  <testcase classname="com.cucumber.runner.RunnerTest" name="runScenario" time="0.016"/>
  <system-out/>
  <testcase classname="com.cucumber.runner.RunnerTest" name="runScenario" time="0.059"/>
  <system-out/>
</testsuite> <!-- com.cucumber.runner.RunnerTest -->
