<?xml version="1.0" encoding="UTF-8"?>
<!-- Generated by org.testng.reporters.JUnitReportReporter -->
<testsuite hostname="mechcl3pc029" failures="0" tests="12" name="com.cucumber.runner.RunnerTest" time="1.317" errors="0" timestamp="2022-06-21T11:53:09 IST" skipped="0">
  <testcase classname="com.cucumber.runner.RunnerTest" name="runScenario" time="0.020"/>
  <system-out/>
  <testcase classname="com.cucumber.runner.RunnerTest" name="runScenario" time="0.042"/>
  <system-out/>
  <testcase classname="com.cucumber.runner.RunnerTest" name="runScenario" time="0.059"/>
  <system-out/>
  <testcase classname="com.cucumber.runner.RunnerTest" name="runScenario" time="0.028"/>
  <system-out/>
  <testcase classname="com.cucumber.runner.RunnerTest" name="runScenario" time="0.060"/>
  <system-out/>
  <testcase classname="com.cucumber.runner.RunnerTest" name="runScenario" time="0.204"/>
  <system-out/>
  <testcase classname="com.cucumber.runner.RunnerTest" name="runScenario" time="0.061"/>
  <system-out/>
  <testcase classname="com.cucumber.runner.RunnerTest" name="runScenario" time="0.763"/>
  <system-out/>
  <testcase classname="com.cucumber.runner.RunnerTest" name="runScenario" time="0.026"/>
  <system-out/>
  <testcase classname="com.cucumber.runner.RunnerTest" name="runScenario" time="0.018"/>
  <system-out/>
  <testcase classname="com.cucumber.runner.RunnerTest" name="runScenario" time="0.019"/>
  <system-out/>
  <testcase classname="com.cucumber.runner.RunnerTest" name="runScenario" time="0.017"/>
  <system-out/>
</testsuite> <!-- com.cucumber.runner.RunnerTest -->
