<?xml version="1.0" encoding="UTF-8"?>
<!-- Generated by org.testng.reporters.JUnitReportReporter -->
<testsuite hostname="mechcl3pc029" failures="0" tests="1" name="com.cucumberdemo.util.ExcelUtil" time="0.894" errors="0" timestamp="2022-06-18T12:25:17 IST" skipped="0">
  <testcase classname="com.cucumberdemo.util.ExcelUtil" name="getRow" time="0.894"/>
  <system-out/>
</testsuite> <!-- com.cucumberdemo.util.ExcelUtil -->
