<?xml version="1.0" encoding="UTF-8"?>
<!-- Generated by org.testng.reporters.JUnitReportReporter -->
<testsuite hostname="mechcl3pc029" failures="0" tests="16" name="com.cucumber.runner.RunnerTest" time="2.725" errors="0" timestamp="2022-07-01T15:01:36 IST" skipped="0">
  <testcase classname="com.cucumber.runner.RunnerTest" name="runScenario" time="0.027"/>
  <system-out/>
  <testcase classname="com.cucumber.runner.RunnerTest" name="runScenario" time="0.040"/>
  <system-out/>
  <testcase classname="com.cucumber.runner.RunnerTest" name="runScenario" time="0.017"/>
  <system-out/>
  <testcase classname="com.cucumber.runner.RunnerTest" name="runScenario" time="1.976"/>
  <system-out/>
  <testcase classname="com.cucumber.runner.RunnerTest" name="runScenario" time="0.017"/>
  <system-out/>
  <testcase classname="com.cucumber.runner.RunnerTest" name="runScenario" time="0.013"/>
  <system-out/>
  <testcase classname="com.cucumber.runner.RunnerTest" name="runScenario" time="0.036"/>
  <system-out/>
  <testcase classname="com.cucumber.runner.RunnerTest" name="runScenario" time="0.008"/>
  <system-out/>
  <testcase classname="com.cucumber.runner.RunnerTest" name="runScenario" time="0.027"/>
  <system-out/>
  <testcase classname="com.cucumber.runner.RunnerTest" name="runScenario" time="0.015"/>
  <system-out/>
  <testcase classname="com.cucumber.runner.RunnerTest" name="runScenario" time="0.009"/>
  <system-out/>
  <testcase classname="com.cucumber.runner.RunnerTest" name="runScenario" time="0.010"/>
  <system-out/>
  <testcase classname="com.cucumber.runner.RunnerTest" name="runScenario" time="0.061"/>
  <system-out/>
  <testcase classname="com.cucumber.runner.RunnerTest" name="runScenario" time="0.039"/>
  <system-out/>
  <testcase classname="com.cucumber.runner.RunnerTest" name="runScenario" time="0.305"/>
  <system-out/>
  <testcase classname="com.cucumber.runner.RunnerTest" name="runScenario" time="0.125"/>
  <system-out/>
</testsuite> <!-- com.cucumber.runner.RunnerTest -->
