<?xml version="1.0" encoding="UTF-8"?>
<!-- Generated by org.testng.reporters.JUnitReportReporter -->
<testsuite hostname="mechcl3pc029" failures="0" tests="12" name="com.cucumber.runner.RunnerTest" time="1.580" errors="0" timestamp="2022-06-27T13:07:57 IST" skipped="0">
  <testcase classname="com.cucumber.runner.RunnerTest" name="runScenario" time="0.056"/>
  <system-out/>
  <testcase classname="com.cucumber.runner.RunnerTest" name="runScenario" time="0.057"/>
  <system-out/>
  <testcase classname="com.cucumber.runner.RunnerTest" name="runScenario" time="0.271"/>
  <system-out/>
  <testcase classname="com.cucumber.runner.RunnerTest" name="runScenario" time="0.045"/>
  <system-out/>
  <testcase classname="com.cucumber.runner.RunnerTest" name="runScenario" time="0.025"/>
  <system-out/>
  <testcase classname="com.cucumber.runner.RunnerTest" name="runScenario" time="0.025"/>
  <system-out/>
  <testcase classname="com.cucumber.runner.RunnerTest" name="runScenario" time="0.014"/>
  <system-out/>
  <testcase classname="com.cucumber.runner.RunnerTest" name="runScenario" time="0.024"/>
  <system-out/>
  <testcase classname="com.cucumber.runner.RunnerTest" name="runScenario" time="0.028"/>
  <system-out/>
  <testcase classname="com.cucumber.runner.RunnerTest" name="runScenario" time="0.015"/>
  <system-out/>
  <testcase classname="com.cucumber.runner.RunnerTest" name="runScenario" time="0.035"/>
  <system-out/>
  <testcase classname="com.cucumber.runner.RunnerTest" name="runScenario" time="0.985"/>
  <system-out/>
</testsuite> <!-- com.cucumber.runner.RunnerTest -->
