<?xml version="1.0" encoding="UTF-8"?>
<!-- Generated by org.testng.reporters.JUnitReportReporter -->
<testsuite hostname="mechcl3pc029" failures="0" tests="16" name="com.cucumber.runner.RunnerTest" time="1.711" errors="0" timestamp="2022-07-01T14:29:28 IST" skipped="0">
  <testcase classname="com.cucumber.runner.RunnerTest" name="runScenario" time="0.016"/>
  <system-out/>
  <testcase classname="com.cucumber.runner.RunnerTest" name="runScenario" time="0.066"/>
  <system-out/>
  <testcase classname="com.cucumber.runner.RunnerTest" name="runScenario" time="0.085"/>
  <system-out/>
  <testcase classname="com.cucumber.runner.RunnerTest" name="runScenario" time="0.314"/>
  <system-out/>
  <testcase classname="com.cucumber.runner.RunnerTest" name="runScenario" time="0.972"/>
  <system-out/>
  <testcase classname="com.cucumber.runner.RunnerTest" name="runScenario" time="0.028"/>
  <system-out/>
  <testcase classname="com.cucumber.runner.RunnerTest" name="runScenario" time="0.026"/>
  <system-out/>
  <testcase classname="com.cucumber.runner.RunnerTest" name="runScenario" time="0.033"/>
  <system-out/>
  <testcase classname="com.cucumber.runner.RunnerTest" name="runScenario" time="0.025"/>
  <system-out/>
  <testcase classname="com.cucumber.runner.RunnerTest" name="runScenario" time="0.009"/>
  <system-out/>
  <testcase classname="com.cucumber.runner.RunnerTest" name="runScenario" time="0.010"/>
  <system-out/>
  <testcase classname="com.cucumber.runner.RunnerTest" name="runScenario" time="0.023"/>
  <system-out/>
  <testcase classname="com.cucumber.runner.RunnerTest" name="runScenario" time="0.042"/>
  <system-out/>
  <testcase classname="com.cucumber.runner.RunnerTest" name="runScenario" time="0.012"/>
  <system-out/>
  <testcase classname="com.cucumber.runner.RunnerTest" name="runScenario" time="0.008"/>
  <system-out/>
  <testcase classname="com.cucumber.runner.RunnerTest" name="runScenario" time="0.042"/>
  <system-out/>
</testsuite> <!-- com.cucumber.runner.RunnerTest -->
